  Bai1.cpp
D:\Workspace\C\nmlt\Sach_Xanh\Chương 2\Bai1.cpp(4,1): warning C4326: return type of 'main' should be 'int' instead of 'void'
D:\Workspace\C\nmlt\Sach_Xanh\Chương 2\Bai1.cpp(7,2): error C4996: 'scanf': This function or variable may be unsafe. Consider using scanf_s instead. To disable deprecation, use _CRT_SECURE_NO_WARNINGS. See online help for details.
D:\Workspace\C\nmlt\Sach_Xanh\Chương 2\Bai1.cpp(9,2): error C4996: 'scanf': This function or variable may be unsafe. Consider using scanf_s instead. To disable deprecation, use _CRT_SECURE_NO_WARNINGS. See online help for details.
D:\Workspace\C\nmlt\Sach_Xanh\Chương 2\Bai1.cpp(14,2): error C4996: 'getch': The POSIX name for this item is deprecated. Instead, use the ISO C and C++ conformant name: _getch. See online help for details.
  Bai10.cpp
D:\Workspace\C\nmlt\Sach_Xanh\Chương 2\Bai10.cpp(4,1): warning C4326: return type of 'main' should be 'int' instead of 'void'
D:\Workspace\C\nmlt\Sach_Xanh\Chương 2\Bai10.cpp(7,2): error C4996: 'scanf': This function or variable may be unsafe. Consider using scanf_s instead. To disable deprecation, use _CRT_SECURE_NO_WARNINGS. See online help for details.
D:\Workspace\C\nmlt\Sach_Xanh\Chương 2\Bai10.cpp(9,2): error C4996: 'scanf': This function or variable may be unsafe. Consider using scanf_s instead. To disable deprecation, use _CRT_SECURE_NO_WARNINGS. See online help for details.
D:\Workspace\C\nmlt\Sach_Xanh\Chương 2\Bai10.cpp(16,2): error C4996: 'getch': The POSIX name for this item is deprecated. Instead, use the ISO C and C++ conformant name: _getch. See online help for details.
  Bai11.cpp
D:\Workspace\C\nmlt\Sach_Xanh\Chương 2\Bai11.cpp(4,1): warning C4326: return type of 'main' should be 'int' instead of 'void'
D:\Workspace\C\nmlt\Sach_Xanh\Chương 2\Bai11.cpp(7,2): error C4996: 'scanf': This function or variable may be unsafe. Consider using scanf_s instead. To disable deprecation, use _CRT_SECURE_NO_WARNINGS. See online help for details.
D:\Workspace\C\nmlt\Sach_Xanh\Chương 2\Bai11.cpp(9,2): error C4996: 'scanf': This function or variable may be unsafe. Consider using scanf_s instead. To disable deprecation, use _CRT_SECURE_NO_WARNINGS. See online help for details.
D:\Workspace\C\nmlt\Sach_Xanh\Chương 2\Bai11.cpp(11,2): error C4996: 'scanf': This function or variable may be unsafe. Consider using scanf_s instead. To disable deprecation, use _CRT_SECURE_NO_WARNINGS. See online help for details.
D:\Workspace\C\nmlt\Sach_Xanh\Chương 2\Bai11.cpp(28,2): error C4996: 'getch': The POSIX name for this item is deprecated. Instead, use the ISO C and C++ conformant name: _getch. See online help for details.
  Bai2.cpp
D:\Workspace\C\nmlt\Sach_Xanh\Chương 2\Bai2.cpp(4,1): warning C4326: return type of 'main' should be 'int' instead of 'void'
D:\Workspace\C\nmlt\Sach_Xanh\Chương 2\Bai2.cpp(7,2): error C4996: 'scanf': This function or variable may be unsafe. Consider using scanf_s instead. To disable deprecation, use _CRT_SECURE_NO_WARNINGS. See online help for details.
D:\Workspace\C\nmlt\Sach_Xanh\Chương 2\Bai2.cpp(10,2): error C4996: 'getch': The POSIX name for this item is deprecated. Instead, use the ISO C and C++ conformant name: _getch. See online help for details.
  Bai3.cpp
D:\Workspace\C\nmlt\Sach_Xanh\Chương 2\Bai3.cpp(5,1): warning C4326: return type of 'main' should be 'int' instead of 'void'
D:\Workspace\C\nmlt\Sach_Xanh\Chương 2\Bai3.cpp(9,10): warning C4244: 'initializing': conversion from 'double' to 'float', possible loss of data
D:\Workspace\C\nmlt\Sach_Xanh\Chương 2\Bai3.cpp(10,10): warning C4244: 'initializing': conversion from 'double' to 'float', possible loss of data
D:\Workspace\C\nmlt\Sach_Xanh\Chương 2\Bai3.cpp(8,2): error C4996: 'scanf': This function or variable may be unsafe. Consider using scanf_s instead. To disable deprecation, use _CRT_SECURE_NO_WARNINGS. See online help for details.
D:\Workspace\C\nmlt\Sach_Xanh\Chương 2\Bai3.cpp(13,2): error C4996: 'getch': The POSIX name for this item is deprecated. Instead, use the ISO C and C++ conformant name: _getch. See online help for details.
  Bai4.cpp
D:\Workspace\C\nmlt\Sach_Xanh\Chương 2\Bai4.cpp(5,1): warning C4326: return type of 'main' should be 'int' instead of 'void'
D:\Workspace\C\nmlt\Sach_Xanh\Chương 2\Bai4.cpp(10,11): warning C4244: 'initializing': conversion from 'double' to 'float', possible loss of data
D:\Workspace\C\nmlt\Sach_Xanh\Chương 2\Bai4.cpp(8,2): error C4996: 'scanf': This function or variable may be unsafe. Consider using scanf_s instead. To disable deprecation, use _CRT_SECURE_NO_WARNINGS. See online help for details.
D:\Workspace\C\nmlt\Sach_Xanh\Chương 2\Bai4.cpp(13,2): error C4996: 'getch': The POSIX name for this item is deprecated. Instead, use the ISO C and C++ conformant name: _getch. See online help for details.
  Bai5.cpp
D:\Workspace\C\nmlt\Sach_Xanh\Chương 2\Bai5.cpp(5,1): warning C4326: return type of 'main' should be 'int' instead of 'void'
D:\Workspace\C\nmlt\Sach_Xanh\Chương 2\Bai5.cpp(13,31): warning C4244: 'argument': conversion from 'int' to 'float', possible loss of data
D:\Workspace\C\nmlt\Sach_Xanh\Chương 2\Bai5.cpp(14,24): warning C4244: 'argument': conversion from 'int' to 'float', possible loss of data
D:\Workspace\C\nmlt\Sach_Xanh\Chương 2\Bai5.cpp(8,2): error C4996: 'scanf': This function or variable may be unsafe. Consider using scanf_s instead. To disable deprecation, use _CRT_SECURE_NO_WARNINGS. See online help for details.
D:\Workspace\C\nmlt\Sach_Xanh\Chương 2\Bai5.cpp(10,2): error C4996: 'scanf': This function or variable may be unsafe. Consider using scanf_s instead. To disable deprecation, use _CRT_SECURE_NO_WARNINGS. See online help for details.
D:\Workspace\C\nmlt\Sach_Xanh\Chương 2\Bai5.cpp(12,2): error C4996: 'scanf': This function or variable may be unsafe. Consider using scanf_s instead. To disable deprecation, use _CRT_SECURE_NO_WARNINGS. See online help for details.
D:\Workspace\C\nmlt\Sach_Xanh\Chương 2\Bai5.cpp(17,2): error C4996: 'getch': The POSIX name for this item is deprecated. Instead, use the ISO C and C++ conformant name: _getch. See online help for details.
  Bai6.cpp
D:\Workspace\C\nmlt\Sach_Xanh\Chương 2\Bai6.cpp(5,1): warning C4326: return type of 'main' should be 'int' instead of 'void'
D:\Workspace\C\nmlt\Sach_Xanh\Chương 2\Bai6.cpp(10,10): warning C4244: 'initializing': conversion from 'double' to 'float', possible loss of data
D:\Workspace\C\nmlt\Sach_Xanh\Chương 2\Bai6.cpp(8,2): error C4996: 'scanf': This function or variable may be unsafe. Consider using scanf_s instead. To disable deprecation, use _CRT_SECURE_NO_WARNINGS. See online help for details.
D:\Workspace\C\nmlt\Sach_Xanh\Chương 2\Bai6.cpp(12,2): error C4996: 'getch': The POSIX name for this item is deprecated. Instead, use the ISO C and C++ conformant name: _getch. See online help for details.
  Bai7.cpp
D:\Workspace\C\nmlt\Sach_Xanh\Chương 2\Bai7.cpp(4,1): warning C4326: return type of 'main' should be 'int' instead of 'void'
D:\Workspace\C\nmlt\Sach_Xanh\Chương 2\Bai7.cpp(10,11): warning C4244: 'initializing': conversion from 'int' to 'float', possible loss of data
D:\Workspace\C\nmlt\Sach_Xanh\Chương 2\Bai7.cpp(11,11): warning C4244: 'initializing': conversion from 'int' to 'float', possible loss of data
D:\Workspace\C\nmlt\Sach_Xanh\Chương 2\Bai7.cpp(7,2): error C4996: 'scanf': This function or variable may be unsafe. Consider using scanf_s instead. To disable deprecation, use _CRT_SECURE_NO_WARNINGS. See online help for details.
D:\Workspace\C\nmlt\Sach_Xanh\Chương 2\Bai7.cpp(9,2): error C4996: 'scanf': This function or variable may be unsafe. Consider using scanf_s instead. To disable deprecation, use _CRT_SECURE_NO_WARNINGS. See online help for details.
D:\Workspace\C\nmlt\Sach_Xanh\Chương 2\Bai7.cpp(14,2): error C4996: 'getch': The POSIX name for this item is deprecated. Instead, use the ISO C and C++ conformant name: _getch. See online help for details.
  Bai8.cpp
D:\Workspace\C\nmlt\Sach_Xanh\Chương 2\Bai8.cpp(5,1): warning C4326: return type of 'main' should be 'int' instead of 'void'
D:\Workspace\C\nmlt\Sach_Xanh\Chương 2\Bai8.cpp(9,11): warning C4244: 'initializing': conversion from 'double' to 'float', possible loss of data
D:\Workspace\C\nmlt\Sach_Xanh\Chương 2\Bai8.cpp(10,11): warning C4244: 'initializing': conversion from 'double' to 'float', possible loss of data
D:\Workspace\C\nmlt\Sach_Xanh\Chương 2\Bai8.cpp(8,2): error C4996: 'scanf': This function or variable may be unsafe. Consider using scanf_s instead. To disable deprecation, use _CRT_SECURE_NO_WARNINGS. See online help for details.
D:\Workspace\C\nmlt\Sach_Xanh\Chương 2\Bai8.cpp(13,2): error C4996: 'getch': The POSIX name for this item is deprecated. Instead, use the ISO C and C++ conformant name: _getch. See online help for details.
  Bai9.cpp
D:\Workspace\C\nmlt\Sach_Xanh\Chương 2\Bai9.cpp(5,1): warning C4326: return type of 'main' should be 'int' instead of 'void'
D:\Workspace\C\nmlt\Sach_Xanh\Chương 2\Bai9.cpp(9,11): warning C4244: 'initializing': conversion from 'int' to 'float', possible loss of data
D:\Workspace\C\nmlt\Sach_Xanh\Chương 2\Bai9.cpp(10,11): warning C4244: 'initializing': conversion from 'int' to 'float', possible loss of data
D:\Workspace\C\nmlt\Sach_Xanh\Chương 2\Bai9.cpp(8,2): error C4996: 'scanf': This function or variable may be unsafe. Consider using scanf_s instead. To disable deprecation, use _CRT_SECURE_NO_WARNINGS. See online help for details.
D:\Workspace\C\nmlt\Sach_Xanh\Chương 2\Bai9.cpp(15,2): error C4996: 'getch': The POSIX name for this item is deprecated. Instead, use the ISO C and C++ conformant name: _getch. See online help for details.
  Generating Code...
