  Bai1.cpp
D:\Workspace\C\nmlt\Sach_Xanh\Chương 4\Bai1.cpp(5,1): warning C4326: return type of 'main' should be 'int' instead of 'void'
D:\Workspace\C\nmlt\Sach_Xanh\Chương 4\Bai1.cpp(8,2): error C4996: 'scanf': This function or variable may be unsafe. Consider using scanf_s instead. To disable deprecation, use _CRT_SECURE_NO_WARNINGS. See online help for details.
D:\Workspace\C\nmlt\Sach_Xanh\Chương 4\Bai1.cpp(18,2): error C4996: 'getch': The POSIX name for this item is deprecated. Instead, use the ISO C and C++ conformant name: _getch. See online help for details.
  Bai10.cpp
D:\Workspace\C\nmlt\Sach_Xanh\Chương 4\Bai10.cpp(5,1): warning C4326: return type of 'main' should be 'int' instead of 'void'
D:\Workspace\C\nmlt\Sach_Xanh\Chương 4\Bai10.cpp(10,3): error C4996: 'scanf': This function or variable may be unsafe. Consider using scanf_s instead. To disable deprecation, use _CRT_SECURE_NO_WARNINGS. See online help for details.
D:\Workspace\C\nmlt\Sach_Xanh\Chương 4\Bai10.cpp(13,2): error C4996: 'getch': The POSIX name for this item is deprecated. Instead, use the ISO C and C++ conformant name: _getch. See online help for details.
  Bai12.cpp
D:\Workspace\C\nmlt\Sach_Xanh\Chương 4\Bai12.cpp(6,1): warning C4326: return type of 'main' should be 'int' instead of 'void'
D:\Workspace\C\nmlt\Sach_Xanh\Chương 4\Bai12.cpp(10,29): error C4996: 'scanf': This function or variable may be unsafe. Consider using scanf_s instead. To disable deprecation, use _CRT_SECURE_NO_WARNINGS. See online help for details.
D:\Workspace\C\nmlt\Sach_Xanh\Chương 4\Bai12.cpp(11,29): error C4996: 'scanf': This function or variable may be unsafe. Consider using scanf_s instead. To disable deprecation, use _CRT_SECURE_NO_WARNINGS. See online help for details.
D:\Workspace\C\nmlt\Sach_Xanh\Chương 4\Bai12.cpp(12,29): error C4996: 'scanf': This function or variable may be unsafe. Consider using scanf_s instead. To disable deprecation, use _CRT_SECURE_NO_WARNINGS. See online help for details.
D:\Workspace\C\nmlt\Sach_Xanh\Chương 4\Bai12.cpp(16,2): error C4996: 'getch': The POSIX name for this item is deprecated. Instead, use the ISO C and C++ conformant name: _getch. See online help for details.
  Bai13.cpp
D:\Workspace\C\nmlt\Sach_Xanh\Chương 4\Bai13.cpp(5,1): warning C4326: return type of 'main' should be 'int' instead of 'void'
D:\Workspace\C\nmlt\Sach_Xanh\Chương 4\Bai13.cpp(8,2): error C4996: 'scanf': This function or variable may be unsafe. Consider using scanf_s instead. To disable deprecation, use _CRT_SECURE_NO_WARNINGS. See online help for details.
D:\Workspace\C\nmlt\Sach_Xanh\Chương 4\Bai13.cpp(14,2): error C4996: 'getch': The POSIX name for this item is deprecated. Instead, use the ISO C and C++ conformant name: _getch. See online help for details.
  Bai14.cpp
D:\Workspace\C\nmlt\Sach_Xanh\Chương 4\Bai14.cpp(5,1): warning C4326: return type of 'main' should be 'int' instead of 'void'
D:\Workspace\C\nmlt\Sach_Xanh\Chương 4\Bai14.cpp(14,2): error C4996: 'getch': The POSIX name for this item is deprecated. Instead, use the ISO C and C++ conformant name: _getch. See online help for details.
  Bai15.cpp
D:\Workspace\C\nmlt\Sach_Xanh\Chương 4\Bai15.cpp(5,1): warning C4326: return type of 'main' should be 'int' instead of 'void'
D:\Workspace\C\nmlt\Sach_Xanh\Chương 4\Bai15.cpp(10,2): error C4996: 'getch': The POSIX name for this item is deprecated. Instead, use the ISO C and C++ conformant name: _getch. See online help for details.
  Bai16.cpp
D:\Workspace\C\nmlt\Sach_Xanh\Chương 4\Bai16.cpp(5,1): warning C4326: return type of 'main' should be 'int' instead of 'void'
D:\Workspace\C\nmlt\Sach_Xanh\Chương 4\Bai16.cpp(14,2): error C4996: 'getch': The POSIX name for this item is deprecated. Instead, use the ISO C and C++ conformant name: _getch. See online help for details.
  Bai17.cpp
D:\Workspace\C\nmlt\Sach_Xanh\Chương 4\Bai17.cpp(6,1): warning C4326: return type of 'main' should be 'int' instead of 'void'
D:\Workspace\C\nmlt\Sach_Xanh\Chương 4\Bai17.cpp(9,2): error C4996: 'scanf': This function or variable may be unsafe. Consider using scanf_s instead. To disable deprecation, use _CRT_SECURE_NO_WARNINGS. See online help for details.
D:\Workspace\C\nmlt\Sach_Xanh\Chương 4\Bai17.cpp(11,2): error C4996: 'getch': The POSIX name for this item is deprecated. Instead, use the ISO C and C++ conformant name: _getch. See online help for details.
  Bai18.cpp
D:\Workspace\C\nmlt\Sach_Xanh\Chương 4\Bai18.cpp(62,1): warning C4326: return type of 'main' should be 'int' instead of 'void'
D:\Workspace\C\nmlt\Sach_Xanh\Chương 4\Bai18.cpp(66,2): error C4996: 'scanf': This function or variable may be unsafe. Consider using scanf_s instead. To disable deprecation, use _CRT_SECURE_NO_WARNINGS. See online help for details.
D:\Workspace\C\nmlt\Sach_Xanh\Chương 4\Bai18.cpp(77,2): error C4996: 'getch': The POSIX name for this item is deprecated. Instead, use the ISO C and C++ conformant name: _getch. See online help for details.
  Bai19.cpp
D:\Workspace\C\nmlt\Sach_Xanh\Chương 4\Bai19.cpp(16,1): warning C4326: return type of 'main' should be 'int' instead of 'void'
D:\Workspace\C\nmlt\Sach_Xanh\Chương 4\Bai19.cpp(21,3): error C4996: 'scanf': This function or variable may be unsafe. Consider using scanf_s instead. To disable deprecation, use _CRT_SECURE_NO_WARNINGS. See online help for details.
D:\Workspace\C\nmlt\Sach_Xanh\Chương 4\Bai19.cpp(27,2): error C4996: 'getch': The POSIX name for this item is deprecated. Instead, use the ISO C and C++ conformant name: _getch. See online help for details.
  Bai2.cpp
D:\Workspace\C\nmlt\Sach_Xanh\Chương 4\Bai2.cpp(6,1): warning C4326: return type of 'main' should be 'int' instead of 'void'
D:\Workspace\C\nmlt\Sach_Xanh\Chương 4\Bai2.cpp(9,2): error C4996: 'scanf': This function or variable may be unsafe. Consider using scanf_s instead. To disable deprecation, use _CRT_SECURE_NO_WARNINGS. See online help for details.
D:\Workspace\C\nmlt\Sach_Xanh\Chương 4\Bai2.cpp(19,2): error C4996: 'getch': The POSIX name for this item is deprecated. Instead, use the ISO C and C++ conformant name: _getch. See online help for details.
  Bai20.cpp
D:\Workspace\C\nmlt\Sach_Xanh\Chương 4\Bai20.cpp(15,1): warning C4326: return type of 'main' should be 'int' instead of 'void'
D:\Workspace\C\nmlt\Sach_Xanh\Chương 4\Bai20.cpp(20,3): error C4996: 'scanf': This function or variable may be unsafe. Consider using scanf_s instead. To disable deprecation, use _CRT_SECURE_NO_WARNINGS. See online help for details.
D:\Workspace\C\nmlt\Sach_Xanh\Chương 4\Bai20.cpp(28,2): error C4996: 'getch': The POSIX name for this item is deprecated. Instead, use the ISO C and C++ conformant name: _getch. See online help for details.
  Bai21.cpp
D:\Workspace\C\nmlt\Sach_Xanh\Chương 4\Bai21.cpp(62,1): warning C4326: return type of 'main' should be 'int' instead of 'void'
D:\Workspace\C\nmlt\Sach_Xanh\Chương 4\Bai21.cpp(67,2): error C4996: 'scanf': This function or variable may be unsafe. Consider using scanf_s instead. To disable deprecation, use _CRT_SECURE_NO_WARNINGS. See online help for details.
D:\Workspace\C\nmlt\Sach_Xanh\Chương 4\Bai21.cpp(78,2): error C4996: 'getch': The POSIX name for this item is deprecated. Instead, use the ISO C and C++ conformant name: _getch. See online help for details.
  Bai22.cpp
D:\Workspace\C\nmlt\Sach_Xanh\Chương 4\Bai22.cpp(17,1): warning C4326: return type of 'main' should be 'int' instead of 'void'
D:\Workspace\C\nmlt\Sach_Xanh\Chương 4\Bai22.cpp(20,2): error C4996: 'scanf': This function or variable may be unsafe. Consider using scanf_s instead. To disable deprecation, use _CRT_SECURE_NO_WARNINGS. See online help for details.
D:\Workspace\C\nmlt\Sach_Xanh\Chương 4\Bai22.cpp(26,2): error C4996: 'getch': The POSIX name for this item is deprecated. Instead, use the ISO C and C++ conformant name: _getch. See online help for details.
  Bai3.cpp
D:\Workspace\C\nmlt\Sach_Xanh\Chương 4\Bai3.cpp(6,1): warning C4326: return type of 'main' should be 'int' instead of 'void'
D:\Workspace\C\nmlt\Sach_Xanh\Chương 4\Bai3.cpp(9,2): error C4996: 'scanf': This function or variable may be unsafe. Consider using scanf_s instead. To disable deprecation, use _CRT_SECURE_NO_WARNINGS. See online help for details.
D:\Workspace\C\nmlt\Sach_Xanh\Chương 4\Bai3.cpp(19,2): error C4996: 'getch': The POSIX name for this item is deprecated. Instead, use the ISO C and C++ conformant name: _getch. See online help for details.
  Bai4.cpp
D:\Workspace\C\nmlt\Sach_Xanh\Chương 4\Bai4.cpp(5,1): warning C4326: return type of 'main' should be 'int' instead of 'void'
D:\Workspace\C\nmlt\Sach_Xanh\Chương 4\Bai4.cpp(8,2): error C4996: 'scanf': This function or variable may be unsafe. Consider using scanf_s instead. To disable deprecation, use _CRT_SECURE_NO_WARNINGS. See online help for details.
D:\Workspace\C\nmlt\Sach_Xanh\Chương 4\Bai4.cpp(18,2): error C4996: 'getch': The POSIX name for this item is deprecated. Instead, use the ISO C and C++ conformant name: _getch. See online help for details.
  Bai5.cpp
D:\Workspace\C\nmlt\Sach_Xanh\Chương 4\Bai5.cpp(6,1): warning C4326: return type of 'main' should be 'int' instead of 'void'
D:\Workspace\C\nmlt\Sach_Xanh\Chương 4\Bai5.cpp(11,2): error C4996: 'scanf': This function or variable may be unsafe. Consider using scanf_s instead. To disable deprecation, use _CRT_SECURE_NO_WARNINGS. See online help for details.
D:\Workspace\C\nmlt\Sach_Xanh\Chương 4\Bai5.cpp(21,2): error C4996: 'getch': The POSIX name for this item is deprecated. Instead, use the ISO C and C++ conformant name: _getch. See online help for details.
  Bai6.cpp
D:\Workspace\C\nmlt\Sach_Xanh\Chương 4\Bai6.cpp(5,1): warning C4326: return type of 'main' should be 'int' instead of 'void'
D:\Workspace\C\nmlt\Sach_Xanh\Chương 4\Bai6.cpp(10,2): error C4996: 'scanf': This function or variable may be unsafe. Consider using scanf_s instead. To disable deprecation, use _CRT_SECURE_NO_WARNINGS. See online help for details.
D:\Workspace\C\nmlt\Sach_Xanh\Chương 4\Bai6.cpp(20,2): error C4996: 'getch': The POSIX name for this item is deprecated. Instead, use the ISO C and C++ conformant name: _getch. See online help for details.
  Bai7.cpp
D:\Workspace\C\nmlt\Sach_Xanh\Chương 4\Bai7.cpp(5,1): warning C4326: return type of 'main' should be 'int' instead of 'void'
D:\Workspace\C\nmlt\Sach_Xanh\Chương 4\Bai7.cpp(8,2): error C4996: 'scanf': This function or variable may be unsafe. Consider using scanf_s instead. To disable deprecation, use _CRT_SECURE_NO_WARNINGS. See online help for details.
D:\Workspace\C\nmlt\Sach_Xanh\Chương 4\Bai7.cpp(11,2): error C4996: 'getch': The POSIX name for this item is deprecated. Instead, use the ISO C and C++ conformant name: _getch. See online help for details.
  Bai8.cpp
D:\Workspace\C\nmlt\Sach_Xanh\Chương 4\Bai8.cpp(5,1): warning C4326: return type of 'main' should be 'int' instead of 'void'
D:\Workspace\C\nmlt\Sach_Xanh\Chương 4\Bai8.cpp(10,3): error C4996: 'scanf': This function or variable may be unsafe. Consider using scanf_s instead. To disable deprecation, use _CRT_SECURE_NO_WARNINGS. See online help for details.
D:\Workspace\C\nmlt\Sach_Xanh\Chương 4\Bai8.cpp(13,2): error C4996: 'getch': The POSIX name for this item is deprecated. Instead, use the ISO C and C++ conformant name: _getch. See online help for details.
  Generating Code...
  Compiling...
  Bai9.cpp
D:\Workspace\C\nmlt\Sach_Xanh\Chương 4\Bai9.cpp(5,1): warning C4326: return type of 'main' should be 'int' instead of 'void'
D:\Workspace\C\nmlt\Sach_Xanh\Chương 4\Bai9.cpp(8,2): error C4996: 'scanf': This function or variable may be unsafe. Consider using scanf_s instead. To disable deprecation, use _CRT_SECURE_NO_WARNINGS. See online help for details.
D:\Workspace\C\nmlt\Sach_Xanh\Chương 4\Bai9.cpp(11,2): error C4996: 'getch': The POSIX name for this item is deprecated. Instead, use the ISO C and C++ conformant name: _getch. See online help for details.
  Bai11.cpp
D:\Workspace\C\nmlt\OnThi\Chuong4\Bai11.cpp(12,13): warning C4326: return type of 'main' should be 'int' instead of 'void'
D:\Workspace\C\nmlt\OnThi\Chuong4\Bai11.cpp(15,2): error C4996: 'scanf': This function or variable may be unsafe. Consider using scanf_s instead. To disable deprecation, use _CRT_SECURE_NO_WARNINGS. See online help for details.
D:\Workspace\C\nmlt\OnThi\Chuong4\Bai11.cpp(17,2): error C4996: 'getch': The POSIX name for this item is deprecated. Instead, use the ISO C and C++ conformant name: _getch. See online help for details.
  Generating Code...
